c:\users\ab05b\onedrive\рабочий стол\shashky\x64\debug\vc143.pdb
c:\users\ab05b\onedrive\рабочий стол\shashky\x64\debug\vc143.idb
c:\users\ab05b\onedrive\рабочий стол\shashky\x64\debug\square.obj
c:\users\ab05b\onedrive\рабочий стол\shashky\x64\debug\shashkyontable.obj
c:\users\ab05b\onedrive\рабочий стол\shashky\x64\debug\shashky.obj
c:\users\ab05b\onedrive\рабочий стол\shashky\x64\debug\shashka.obj
c:\users\ab05b\onedrive\рабочий стол\shashky\x64\debug\game.obj
c:\users\ab05b\onedrive\рабочий стол\shashky\x64\debug\board.obj
c:\users\ab05b\onedrive\рабочий стол\shashky\x64\debug\shashky.pdb
c:\users\ab05b\onedrive\рабочий стол\shashky\x64\debug\shashky.tlog\cl.command.1.tlog
c:\users\ab05b\onedrive\рабочий стол\shashky\x64\debug\shashky.tlog\cl.read.1.tlog
c:\users\ab05b\onedrive\рабочий стол\shashky\x64\debug\shashky.tlog\cl.write.1.tlog
c:\users\ab05b\onedrive\рабочий стол\shashky\x64\debug\shashky.tlog\link-cvtres.read.1.tlog
c:\users\ab05b\onedrive\рабочий стол\shashky\x64\debug\shashky.tlog\link-cvtres.write.1.tlog
c:\users\ab05b\onedrive\рабочий стол\shashky\x64\debug\shashky.tlog\link-rc.read.1.tlog
c:\users\ab05b\onedrive\рабочий стол\shashky\x64\debug\shashky.tlog\link-rc.write.1.tlog
c:\users\ab05b\onedrive\рабочий стол\shashky\x64\debug\shashky.tlog\link.command.1.tlog
c:\users\ab05b\onedrive\рабочий стол\shashky\x64\debug\shashky.tlog\link.read.1.tlog
c:\users\ab05b\onedrive\рабочий стол\shashky\x64\debug\shashky.tlog\link.read.2.tlog
c:\users\ab05b\onedrive\рабочий стол\shashky\x64\debug\shashky.tlog\link.write.1.tlog
